<?xml version="1.0" encoding="UTF-8"?>
<testng-results ignored="0" total="1" passed="1" failed="0" skipped="0">
  <reporter-output>
  </reporter-output>
  <suite started-at="2024-03-22T11:41:52 IST" name="Default suite" finished-at="2024-03-22T11:42:21 IST" duration-ms="29037">
    <groups>
    </groups>
    <test started-at="2024-03-22T11:41:52 IST" name="Default test" finished-at="2024-03-22T11:42:21 IST" duration-ms="29037">
      <class name="scripts.DemoTest">
        <test-method signature="demoTest()[pri:0, instance:scripts.DemoTest@15bb5034]" started-at="2024-03-22T11:41:52 IST" name="demoTest" finished-at="2024-03-22T11:42:21 IST" duration-ms="28898" status="PASS">
          <reporter-output>
          </reporter-output>
        </test-method> <!-- demoTest -->
      </class> <!-- scripts.DemoTest -->
    </test> <!-- Default test -->
  </suite> <!-- Default suite -->
</testng-results>
